<?xml version="1.0" encoding="UTF-8"?>
<testsuite name="org.springframework.samples.petclinic.PetclinicIntegrationTests" tests="1" skipped="0" failures="0" errors="0" timestamp="2020-11-06T19:01:36" hostname="nicolaslamas-Latitude-7480" time="0.339">
  <properties/>
  <testcase name="testFindAll()" classname="org.springframework.samples.petclinic.PetclinicIntegrationTests" time="0.339"/>
  <system-out><![CDATA[2020-11-06 16:01:24.308  INFO 6109 --- [    Test worker] .b.t.c.SpringBootTestContextBootstrapper : Neither @ContextConfiguration nor @ContextHierarchy found for test class [org.springframework.samples.petclinic.PetclinicIntegrationTests], using SpringBootContextLoader
2020-11-06 16:01:24.309  INFO 6109 --- [    Test worker] o.s.t.c.support.AbstractContextLoader    : Could not detect default resource locations for test class [org.springframework.samples.petclinic.PetclinicIntegrationTests]: no resource found for suffixes {-context.xml, Context.groovy}.
2020-11-06 16:01:24.310  INFO 6109 --- [    Test worker] t.c.s.AnnotationConfigContextLoaderUtils : Could not detect default configuration classes for test class [org.springframework.samples.petclinic.PetclinicIntegrationTests]: PetclinicIntegrationTests does not declare any static, non-private, non-final, nested classes annotated with @Configuration.
2020-11-06 16:01:24.315  INFO 6109 --- [    Test worker] .b.t.c.SpringBootTestContextBootstrapper : Found @SpringBootConfiguration org.springframework.samples.petclinic.PetClinicApplication for test class org.springframework.samples.petclinic.PetclinicIntegrationTests
2020-11-06 16:01:24.339  INFO 6109 --- [    Test worker] .b.t.c.SpringBootTestContextBootstrapper : Loaded default TestExecutionListener class names from location [META-INF/spring.factories]: [org.springframework.boot.test.autoconfigure.restdocs.RestDocsTestExecutionListener, org.springframework.boot.test.autoconfigure.web.client.MockRestServiceServerResetTestExecutionListener, org.springframework.boot.test.autoconfigure.web.servlet.MockMvcPrintOnlyOnFailureTestExecutionListener, org.springframework.boot.test.autoconfigure.web.servlet.WebDriverTestExecutionListener, org.springframework.boot.test.autoconfigure.webservices.client.MockWebServiceServerTestExecutionListener, org.springframework.boot.test.mock.mockito.MockitoTestExecutionListener, org.springframework.boot.test.mock.mockito.ResetMocksTestExecutionListener, org.springframework.test.context.web.ServletTestExecutionListener, org.springframework.test.context.support.DirtiesContextBeforeModesTestExecutionListener, org.springframework.test.context.support.DependencyInjectionTestExecutionListener, org.springframework.test.context.support.DirtiesContextTestExecutionListener, org.springframework.test.context.transaction.TransactionalTestExecutionListener, org.springframework.test.context.jdbc.SqlScriptsTestExecutionListener, org.springframework.test.context.event.EventPublishingTestExecutionListener]
2020-11-06 16:01:24.339  INFO 6109 --- [    Test worker] .b.t.c.SpringBootTestContextBootstrapper : Using TestExecutionListeners: [org.springframework.test.context.web.ServletTestExecutionListener@1827dcd6, org.springframework.test.context.support.DirtiesContextBeforeModesTestExecutionListener@67c3f96e, org.springframework.boot.test.mock.mockito.MockitoTestExecutionListener@7836f6af, org.springframework.boot.test.autoconfigure.SpringBootDependencyInjectionTestExecutionListener@df85094, org.springframework.test.context.support.DirtiesContextTestExecutionListener@2b9ffc91, org.springframework.test.context.transaction.TransactionalTestExecutionListener@53ef6805, org.springframework.test.context.jdbc.SqlScriptsTestExecutionListener@1ca37f59, org.springframework.test.context.event.EventPublishingTestExecutionListener@5310f0a9, org.springframework.boot.test.autoconfigure.restdocs.RestDocsTestExecutionListener@73fe52e, org.springframework.boot.test.autoconfigure.web.client.MockRestServiceServerResetTestExecutionListener@2f381a8c, org.springframework.boot.test.autoconfigure.web.servlet.MockMvcPrintOnlyOnFailureTestExecutionListener@2866f185, org.springframework.boot.test.autoconfigure.web.servlet.WebDriverTestExecutionListener@7ca7d998, org.springframework.boot.test.autoconfigure.webservices.client.MockWebServiceServerTestExecutionListener@4c955b7, org.springframework.boot.test.mock.mockito.ResetMocksTestExecutionListener@6bcac3d8]


              |\      _,,,--,,_
             /,`.-'`'   ._  \-;;,_
  _______ __|,4-  ) )_   .;.(__`'-'__     ___ __    _ ___ _______
 |       | '---''(_/._)-'(_\_)   |   |   |   |  |  | |   |       |
 |    _  |    ___|_     _|       |   |   |   |   |_| |   |       | __ _ _
 |   |_| |   |___  |   | |       |   |   |   |       |   |       | \ \ \ \
 |    ___|    ___| |   | |      _|   |___|   |  _    |   |      _|  \ \ \ \
 |   |   |   |___  |   | |     |_|       |   | | |   |   |     |_    ) ) ) )
 |___|   |_______| |___| |_______|_______|___|_|  |__|___|_______|  / / / /
 ==================================================================/_/_/_/

:: Built with Spring Boot :: 2.3.3.RELEASE


2020-11-06 16:01:24.377  INFO 6109 --- [    Test worker] o.s.s.p.PetclinicIntegrationTests        : Starting PetclinicIntegrationTests on nicolaslamas-Latitude-7480 with PID 6109 (started by nicolaslamas in /home/nicolaslamas/proyects/tp4-ing-software)
2020-11-06 16:01:24.378  INFO 6109 --- [    Test worker] o.s.s.p.PetclinicIntegrationTests        : No active profile set, falling back to default profiles: default
2020-11-06 16:01:25.873  INFO 6109 --- [    Test worker] .s.d.r.c.RepositoryConfigurationDelegate : Bootstrapping Spring Data JPA repositories in DEFERRED mode.
2020-11-06 16:01:25.965  INFO 6109 --- [    Test worker] .s.d.r.c.RepositoryConfigurationDelegate : Finished Spring Data repository scanning in 80ms. Found 4 JPA repository interfaces.
2020-11-06 16:01:27.257  INFO 6109 --- [    Test worker] org.ehcache.core.EhcacheManager          : Cache 'vets' created in EhcacheManager.
2020-11-06 16:01:27.298  INFO 6109 --- [    Test worker] org.ehcache.jsr107.Eh107CacheManager     : Registering Ehcache MBean javax.cache:type=CacheStatistics,CacheManager=urn.X-ehcache.jsr107-default-config,Cache=vets
2020-11-06 16:01:27.368  INFO 6109 --- [    Test worker] org.ehcache.jsr107.Eh107CacheManager     : Registering Ehcache MBean javax.cache:type=CacheStatistics,CacheManager=urn.X-ehcache.jsr107-default-config,Cache=vets
2020-11-06 16:01:27.862  INFO 6109 --- [    Test worker] com.zaxxer.hikari.HikariDataSource       : HikariPool-1 - Starting...
2020-11-06 16:01:29.866  INFO 6109 --- [    Test worker] com.zaxxer.hikari.HikariDataSource       : HikariPool-1 - Start completed.
2020-11-06 16:01:30.653  INFO 6109 --- [    Test worker] o.s.s.concurrent.ThreadPoolTaskExecutor  : Initializing ExecutorService 'applicationTaskExecutor'
2020-11-06 16:01:30.828  INFO 6109 --- [         task-1] o.hibernate.jpa.internal.util.LogHelper  : HHH000204: Processing PersistenceUnitInfo [name: default]
2020-11-06 16:01:31.071  INFO 6109 --- [         task-1] org.hibernate.Version                    : HHH000412: Hibernate ORM core version 5.4.20.Final
2020-11-06 16:01:31.294  INFO 6109 --- [         task-1] o.hibernate.annotations.common.Version   : HCANN000001: Hibernate Commons Annotations {5.1.0.Final}
2020-11-06 16:01:31.889  INFO 6109 --- [         task-1] org.hibernate.dialect.Dialect            : HHH000400: Using dialect: org.hibernate.dialect.H2Dialect
2020-11-06 16:01:34.536  INFO 6109 --- [         task-1] o.h.e.t.j.p.i.JtaPlatformInitiator       : HHH000490: Using JtaPlatform implementation: [org.hibernate.engine.transaction.jta.platform.internal.NoJtaPlatform]
2020-11-06 16:01:34.575  INFO 6109 --- [         task-1] j.LocalContainerEntityManagerFactoryBean : Initialized JPA EntityManagerFactory for persistence unit 'default'
2020-11-06 16:01:34.918  INFO 6109 --- [    Test worker] o.s.b.a.e.web.EndpointLinksResolver      : Exposing 13 endpoint(s) beneath base path '/actuator'
2020-11-06 16:01:35.022  INFO 6109 --- [    Test worker] DeferredRepositoryInitializationListener : Triggering deferred initialization of Spring Data repositories…
2020-11-06 16:01:36.562  INFO 6109 --- [    Test worker] DeferredRepositoryInitializationListener : Spring Data repositories initialized!
2020-11-06 16:01:36.574  INFO 6109 --- [    Test worker] o.s.s.p.PetclinicIntegrationTests        : Started PetclinicIntegrationTests in 12.228 seconds (JVM running for 39.266)
]]></system-out>
  <system-err><![CDATA[]]></system-err>
</testsuite>
